npm warn exec The following package was not found and will be installed: serve@14.2.6
 INFO  Accepting connections at http://localhost:3000
 HTTP  4/16/2026 7:25:10 PM ::1 GET /admin/documents
 HTTP  4/16/2026 7:25:10 PM ::1 Returned 200 in 280 ms
 HTTP  4/16/2026 7:25:10 PM ::1 GET /_next/static/media/028c0d39d2e8f589-s.p.woff2
 HTTP  4/16/2026 7:25:10 PM ::1 GET /_next/static/css/234c5c388f0fa326.css
 HTTP  4/16/2026 7:25:10 PM ::1 Returned 200 in 4 ms
 HTTP  4/16/2026 7:25:10 PM ::1 Returned 200 in 4 ms
 HTTP  4/16/2026 7:25:10 PM ::1 GET /_next/static/chunks/webpack-625aa6fd2fa4a71d.js
 HTTP  4/16/2026 7:25:10 PM ::1 GET /_next/static/chunks/1dd3208c-e54184765b4cb7ca.js
 HTTP  4/16/2026 7:25:10 PM ::1 GET /_next/static/chunks/286-b3f72c0e9ce7679d.js
 HTTP  4/16/2026 7:25:10 PM ::1 GET /_next/static/chunks/main-app-1e506cef44aa2eb5.js
 HTTP  4/16/2026 7:25:10 PM ::1 GET /_next/static/chunks/14aeac6e-3237ca24f5ef5584.js
 HTTP  4/16/2026 7:25:10 PM ::1 GET /_next/static/chunks/306ea748-1c3b7ae113c34b65.js
 HTTP  4/16/2026 7:25:10 PM ::1 Returned 200 in 21 ms
 HTTP  4/16/2026 7:25:10 PM ::1 Returned 200 in 17 ms
 HTTP  4/16/2026 7:25:10 PM ::1 Returned 200 in 24 ms
 HTTP  4/16/2026 7:25:10 PM ::1 Returned 200 in 27 ms
 HTTP  4/16/2026 7:25:10 PM ::1 Returned 200 in 24 ms
 HTTP  4/16/2026 7:25:10 PM ::1 Returned 200 in 36 ms
 HTTP  4/16/2026 7:25:10 PM ::1 GET /_next/static/chunks/98f82933-7a3fb26889938ca2.js
 HTTP  4/16/2026 7:25:10 PM ::1 GET /_next/static/chunks/294-47273d26e81178e5.js
 HTTP  4/16/2026 7:25:10 PM ::1 GET /_next/static/chunks/659-b891f87440cc3d2b.js
 HTTP  4/16/2026 7:25:10 PM ::1 Returned 200 in 26 ms
 HTTP  4/16/2026 7:25:10 PM ::1 GET /_next/static/chunks/app/admin/documents/page-0adb63cf43545940.js
 HTTP  4/16/2026 7:25:10 PM ::1 GET /_next/static/chunks/341-3e4c6f7150303e5f.js
 HTTP  4/16/2026 7:25:10 PM ::1 Returned 200 in 33 ms
 HTTP  4/16/2026 7:25:10 PM ::1 Returned 200 in 14 ms
 HTTP  4/16/2026 7:25:10 PM ::1 Returned 200 in 12 ms
 HTTP  4/16/2026 7:25:10 PM ::1 Returned 200 in 12 ms
 HTTP  4/16/2026 7:25:10 PM ::1 GET /_next/static/chunks/app/layout-4db09dece0728dec.js
 HTTP  4/16/2026 7:25:10 PM ::1 Returned 200 in 5 ms
 HTTP  4/16/2026 7:27:04 PM ::1 GET /admin/documents
 HTTP  4/16/2026 7:27:04 PM ::1 Returned 200 in 2 ms
 HTTP  4/16/2026 7:27:04 PM ::1 GET /_next/static/media/028c0d39d2e8f589-s.p.woff2
 HTTP  4/16/2026 7:27:04 PM ::1 Returned 200 in 1 ms
 HTTP  4/16/2026 7:27:04 PM ::1 GET /_next/static/css/234c5c388f0fa326.css
 HTTP  4/16/2026 7:27:04 PM ::1 Returned 200 in 2 ms
 HTTP  4/16/2026 7:27:04 PM ::1 GET /_next/static/chunks/webpack-625aa6fd2fa4a71d.js
 HTTP  4/16/2026 7:27:04 PM ::1 Returned 200 in 2 ms
 HTTP  4/16/2026 7:27:04 PM ::1 GET /_next/static/chunks/1dd3208c-e54184765b4cb7ca.js
 HTTP  4/16/2026 7:27:04 PM ::1 Returned 200 in 1 ms
 HTTP  4/16/2026 7:27:04 PM ::1 GET /_next/static/chunks/286-b3f72c0e9ce7679d.js
 HTTP  4/16/2026 7:27:04 PM ::1 Returned 200 in 2 ms
 HTTP  4/16/2026 7:27:04 PM ::1 GET /_next/static/chunks/main-app-1e506cef44aa2eb5.js
 HTTP  4/16/2026 7:27:04 PM ::1 Returned 200 in 2 ms
 HTTP  4/16/2026 7:27:04 PM ::1 GET /_next/static/chunks/14aeac6e-3237ca24f5ef5584.js
 HTTP  4/16/2026 7:27:04 PM ::1 Returned 200 in 4 ms
 HTTP  4/16/2026 7:27:04 PM ::1 GET /_next/static/chunks/306ea748-1c3b7ae113c34b65.js
 HTTP  4/16/2026 7:27:04 PM ::1 GET /_next/static/chunks/98f82933-7a3fb26889938ca2.js
 HTTP  4/16/2026 7:27:04 PM ::1 Returned 200 in 5 ms
 HTTP  4/16/2026 7:27:04 PM ::1 Returned 200 in 6 ms
 HTTP  4/16/2026 7:27:04 PM ::1 GET /_next/static/chunks/294-47273d26e81178e5.js
 HTTP  4/16/2026 7:27:04 PM ::1 Returned 200 in 3 ms
 HTTP  4/16/2026 7:27:04 PM ::1 GET /_next/static/chunks/659-b891f87440cc3d2b.js
 HTTP  4/16/2026 7:27:04 PM ::1 Returned 200 in 1 ms
 HTTP  4/16/2026 7:27:04 PM ::1 GET /_next/static/chunks/app/admin/documents/page-0adb63cf43545940.js
 HTTP  4/16/2026 7:27:04 PM ::1 GET /_next/static/chunks/341-3e4c6f7150303e5f.js
 HTTP  4/16/2026 7:27:04 PM ::1 Returned 200 in 1 ms
 HTTP  4/16/2026 7:27:04 PM ::1 Returned 200 in 1 ms
 HTTP  4/16/2026 7:27:04 PM ::1 GET /_next/static/chunks/app/layout-4db09dece0728dec.js
 HTTP  4/16/2026 7:27:04 PM ::1 Returned 200 in 1 ms

 INFO  Gracefully shutting down. Please wait...
