(node:152045) [DEP0040] DeprecationWarning: The `punycode` module is deprecated. Please use a userland alternative instead.
(Use `node --trace-deprecation ...` to show where the warning was created)
⚠  emulators: You are not currently authenticated so some features may not work correctly. Please run firebase login to authenticate the CLI.
i  emulators: Starting emulators: auth, functions, firestore, hosting, storage, extensions
i  emulators: Detected demo project ID "demo-project", emulated services will use a demo configuration and attempts to access non-emulated services for this project will fail.
i  firestore: Firestore Emulator logging to firestore-debug.log
✔  firestore: Firestore Emulator was started in standard edition.
✔  firestore: Firestore Emulator UI websocket is running on 9150.
i  hosting[demo-project]: Serving hosting files from: public
✔  hosting[demo-project]: Local server: http://127.0.0.1:5000
i  functions: Watching "/app/functions" for Cloud Functions...
⚠  functions: package.json indicates an outdated version of firebase-functions. Please upgrade using npm install --save firebase-functions@latest in your functions directory.
⚠  functions: Your requested "node" version "20" doesn't match your global version "22". Using node@22 from host.
Serving at port 8339

(node:154599) [DEP0040] DeprecationWarning: The `punycode` module is deprecated. Please use a userland alternative instead.
(Use `node --trace-deprecation ...` to show where the warning was created)

✔  functions: Loaded functions definitions from source: analyzeContract, sendEmailNotification, chatWithAI, createContractPDF, findMatches, transitionInternshipState, importRoster, evaluateReflection, signContract, generatePayrollReport.
✔  functions[us-central1-analyzeContract]: firestore function initialized.
✔  functions[us-central1-sendEmailNotification]: firestore function initialized.
✔  functions[us-central1-chatWithAI]: http function initialized (http://127.0.0.1:5001/demo-project/us-central1/chatWithAI).
✔  functions[us-central1-createContractPDF]: http function initialized (http://127.0.0.1:5001/demo-project/us-central1/createContractPDF).
✔  functions[us-central1-findMatches]: http function initialized (http://127.0.0.1:5001/demo-project/us-central1/findMatches).
✔  functions[us-central1-transitionInternshipState]: http function initialized (http://127.0.0.1:5001/demo-project/us-central1/transitionInternshipState).
✔  functions[us-central1-importRoster]: http function initialized (http://127.0.0.1:5001/demo-project/us-central1/importRoster).
✔  functions[us-central1-evaluateReflection]: http function initialized (http://127.0.0.1:5001/demo-project/us-central1/evaluateReflection).
✔  functions[us-central1-signContract]: http function initialized (http://127.0.0.1:5001/demo-project/us-central1/signContract).
✔  functions[us-central1-generatePayrollReport]: http function initialized (http://127.0.0.1:5001/demo-project/us-central1/generatePayrollReport).

[90m┌─────────────────────────────────────────────────────────────┐[39m
[90m│[39m ✔  All emulators ready! It is now safe to connect your app. [90m│[39m
[90m│[39m i  View Emulator UI at http://127.0.0.1:4000/               [90m│[39m
[90m└─────────────────────────────────────────────────────────────┘[39m

[90m┌────────────────[39m[90m┬────────────────[39m[90m┬──────────────────────────────────┐[39m
[90m│[39m[33m Emulator       [39m[90m│[39m[33m Host:Port      [39m[90m│[39m[33m View in Emulator UI              [39m[90m│[39m
[90m├────────────────[39m[90m┼────────────────[39m[90m┼──────────────────────────────────┤[39m
[90m│[39m Authentication [90m│[39m 127.0.0.1:9099 [90m│[39m http://127.0.0.1:4000/auth       [90m│[39m
[90m├────────────────[39m[90m┼────────────────[39m[90m┼──────────────────────────────────┤[39m
[90m│[39m Functions      [90m│[39m 127.0.0.1:5001 [90m│[39m http://127.0.0.1:4000/functions  [90m│[39m
[90m├────────────────[39m[90m┼────────────────[39m[90m┼──────────────────────────────────┤[39m
[90m│[39m Firestore      [90m│[39m 127.0.0.1:8080 [90m│[39m http://127.0.0.1:4000/firestore  [90m│[39m
[90m├────────────────[39m[90m┼────────────────[39m[90m┼──────────────────────────────────┤[39m
[90m│[39m Hosting        [90m│[39m 127.0.0.1:5000 [90m│[39m n/a                              [90m│[39m
[90m├────────────────[39m[90m┼────────────────[39m[90m┼──────────────────────────────────┤[39m
[90m│[39m Storage        [90m│[39m 127.0.0.1:9199 [90m│[39m http://127.0.0.1:4000/storage    [90m│[39m
[90m├────────────────[39m[90m┼────────────────[39m[90m┼──────────────────────────────────┤[39m
[90m│[39m Extensions     [90m│[39m 127.0.0.1:5001 [90m│[39m http://127.0.0.1:4000/extensions [90m│[39m
[90m└────────────────[39m[90m┴────────────────[39m[90m┴──────────────────────────────────┘[39m
  Emulator Hub host: 127.0.0.1 port: 4400
  Other reserved ports: 4500, 9150
[90m┌─────────────────────────[39m[90m┬───────────────[39m[90m┬─────────────────────┐[39m
[90m│[39m[33m Extension Instance Name [39m[90m│[39m[33m Extension Ref [39m[90m│[39m[33m View in Emulator UI [39m[90m│[39m
[90m└─────────────────────────[39m[90m┴───────────────[39m[90m┴─────────────────────┘[39m
Issues? Report them at https://github.com/firebase/firebase-tools/issues and attach the *-debug.log files.

>  (node:162461) [DEP0040] DeprecationWarning: The `punycode` module is deprecated. Please use a userland alternative instead.
>  (Use `node --trace-deprecation ...` to show where the warning was created)
i  functions: Beginning execution of "us-central1-analyzeContract"
i  functions: Finished "us-central1-analyzeContract" in 20.817885ms
i  functions: Beginning execution of "us-central1-analyzeContract"
i  functions: Finished "us-central1-analyzeContract" in 4.100897ms
i  functions: Beginning execution of "us-central1-analyzeContract"
>  {"severity":"WARNING","message":"Snapshot has no readTime. Using now()"}
i  functions: Finished "us-central1-analyzeContract" in 11.997789ms
i  functions: Beginning execution of "us-central1-analyzeContract"
>  {"severity":"WARNING","message":"Snapshot has no readTime. Using now()"}
i  functions: Finished "us-central1-analyzeContract" in 3.564796ms
i  functions: Beginning execution of "us-central1-analyzeContract"
i  functions: Finished "us-central1-analyzeContract" in 8.268776ms
i  functions: Beginning execution of "us-central1-analyzeContract"
i  functions: Finished "us-central1-analyzeContract" in 4.698837ms
i  functions: Beginning execution of "us-central1-analyzeContract"
>  {"severity":"WARNING","message":"Snapshot has no readTime. Using now()"}
i  functions: Finished "us-central1-analyzeContract" in 7.496352ms
i  functions: Beginning execution of "us-central1-analyzeContract"
>  {"severity":"WARNING","message":"Snapshot has no readTime. Using now()"}
i  functions: Finished "us-central1-analyzeContract" in 4.130156ms
i  functions: Beginning execution of "us-central1-analyzeContract"
i  functions: Finished "us-central1-analyzeContract" in 5.148293ms
i  functions: Beginning execution of "us-central1-analyzeContract"
i  functions: Finished "us-central1-analyzeContract" in 3.342292ms
i  functions: Beginning execution of "us-central1-analyzeContract"
>  {"severity":"WARNING","message":"Snapshot has no readTime. Using now()"}
i  functions: Finished "us-central1-analyzeContract" in 7.443898ms
i  functions: Beginning execution of "us-central1-analyzeContract"
>  {"severity":"WARNING","message":"Snapshot has no readTime. Using now()"}
i  functions: Finished "us-central1-analyzeContract" in 3.621238ms
i  functions: Beginning execution of "us-central1-analyzeContract"
i  functions: Finished "us-central1-analyzeContract" in 8.387334ms
i  functions: Beginning execution of "us-central1-analyzeContract"
i  functions: Finished "us-central1-analyzeContract" in 5.421675ms
i  functions: Beginning execution of "us-central1-analyzeContract"
>  {"severity":"WARNING","message":"Snapshot has no readTime. Using now()"}
i  functions: Finished "us-central1-analyzeContract" in 4.926162ms
i  functions: Beginning execution of "us-central1-analyzeContract"
>  {"severity":"WARNING","message":"Snapshot has no readTime. Using now()"}
i  functions: Finished "us-central1-analyzeContract" in 4.684946ms
i  functions: Beginning execution of "us-central1-analyzeContract"
i  functions: Finished "us-central1-analyzeContract" in 6.188519ms
i  functions: Beginning execution of "us-central1-analyzeContract"
i  functions: Finished "us-central1-analyzeContract" in 3.406349ms
i  functions: Beginning execution of "us-central1-analyzeContract"
>  {"severity":"WARNING","message":"Snapshot has no readTime. Using now()"}
i  functions: Finished "us-central1-analyzeContract" in 6.76691ms
i  functions: Beginning execution of "us-central1-analyzeContract"
>  {"severity":"WARNING","message":"Snapshot has no readTime. Using now()"}
i  functions: Finished "us-central1-analyzeContract" in 5.43903ms
i  functions: Beginning execution of "us-central1-analyzeContract"
i  functions: Finished "us-central1-analyzeContract" in 5.528179ms
i  functions: Beginning execution of "us-central1-analyzeContract"
i  functions: Finished "us-central1-analyzeContract" in 5.119561ms
i  functions: Beginning execution of "us-central1-analyzeContract"
>  {"severity":"WARNING","message":"Snapshot has no readTime. Using now()"}
i  functions: Finished "us-central1-analyzeContract" in 7.772199ms
i  functions: Beginning execution of "us-central1-analyzeContract"
>  {"severity":"WARNING","message":"Snapshot has no readTime. Using now()"}
i  functions: Finished "us-central1-analyzeContract" in 13.572349ms
i  functions: Beginning execution of "us-central1-analyzeContract"
i  functions: Finished "us-central1-analyzeContract" in 4.133932ms
i  functions: Beginning execution of "us-central1-analyzeContract"
i  functions: Finished "us-central1-analyzeContract" in 2.529421ms
i  functions: Beginning execution of "us-central1-analyzeContract"
>  {"severity":"WARNING","message":"Snapshot has no readTime. Using now()"}
i  functions: Finished "us-central1-analyzeContract" in 4.884321ms
i  functions: Beginning execution of "us-central1-analyzeContract"
>  {"severity":"WARNING","message":"Snapshot has no readTime. Using now()"}
i  functions: Finished "us-central1-analyzeContract" in 2.756072ms
i  functions: Beginning execution of "us-central1-analyzeContract"
i  functions: Finished "us-central1-analyzeContract" in 4.797297ms
i  functions: Beginning execution of "us-central1-analyzeContract"
i  functions: Finished "us-central1-analyzeContract" in 2.774018ms
i  functions: Beginning execution of "us-central1-analyzeContract"
>  {"severity":"WARNING","message":"Snapshot has no readTime. Using now()"}
i  functions: Finished "us-central1-analyzeContract" in 4.122812ms
i  functions: Beginning execution of "us-central1-analyzeContract"
>  {"severity":"WARNING","message":"Snapshot has no readTime. Using now()"}
i  functions: Finished "us-central1-analyzeContract" in 6.324658ms
i  functions: Beginning execution of "us-central1-analyzeContract"
i  functions: Finished "us-central1-analyzeContract" in 3.991931ms
i  functions: Beginning execution of "us-central1-analyzeContract"
i  functions: Finished "us-central1-analyzeContract" in 2.881496ms
i  functions: Beginning execution of "us-central1-analyzeContract"
>  {"severity":"WARNING","message":"Snapshot has no readTime. Using now()"}
i  functions: Finished "us-central1-analyzeContract" in 7.723666ms
i  functions: Beginning execution of "us-central1-analyzeContract"
>  {"severity":"WARNING","message":"Snapshot has no readTime. Using now()"}
i  functions: Finished "us-central1-analyzeContract" in 9.56023ms
i  functions: Beginning execution of "us-central1-analyzeContract"
i  functions: Finished "us-central1-analyzeContract" in 9.099116ms
i  functions: Beginning execution of "us-central1-analyzeContract"
i  functions: Finished "us-central1-analyzeContract" in 3.388189ms

i  emulators: Received SIGTERM for the first time. Starting a clean shutdown.
i  emulators: Please wait for a clean shutdown or send the SIGTERM signal again to stop right now.
i  emulators: Shutting down emulators.
i  ui: Stopping Emulator UI
i  extensions: Stopping Extensions Emulator
i  functions: Stopping Functions Emulator
i  hosting: Stopping Hosting Emulator
i  firestore: Stopping Firestore Emulator
⚠  firestore: Fatal error occurred:
   Firestore Emulator has exited with code: 143,
   stopping all running emulators
i  firestore: Stopping Firestore Emulator
i  auth: Stopping Authentication Emulator
i  auth: Stopping Authentication Emulator
i  storage: Stopping Storage Emulator
i  storage: Stopping Storage Emulator
i  eventarc: Stopping Eventarc Emulator
i  eventarc: Stopping Eventarc Emulator
i  tasks: Stopping Cloud Tasks Emulator
i  tasks: Stopping Cloud Tasks Emulator
i  hub: Stopping emulator hub
i  hub: Stopping emulator hub
i  logging: Stopping Logging Emulator
i  logging: Stopping Logging Emulator
