[debug] [2026-04-27T14:31:58.695Z] ----------------------------------------------------------------------
[debug] [2026-04-27T14:31:58.697Z] Command:       /home/jules/.nvm/versions/node/v22.22.1/bin/node /home/jules/.npm/_npx/7750544ccf494d8b/node_modules/.bin/firebase emulators:start --only firestore,auth
[debug] [2026-04-27T14:31:58.698Z] CLI Version:   15.15.0
[debug] [2026-04-27T14:31:58.698Z] Platform:      linux
[debug] [2026-04-27T14:31:58.698Z] Node Version:  v22.22.1
[debug] [2026-04-27T14:31:58.698Z] Time:          Mon Apr 27 2026 14:31:58 GMT+0000 (Coordinated Universal Time)
[debug] [2026-04-27T14:31:58.699Z] ----------------------------------------------------------------------
[debug]
[debug] [2026-04-27T14:31:58.701Z] >>> [apiv2][query] GET https://firebase-public.firebaseio.com/cli.json [none]
[debug] [2026-04-27T14:31:59.849Z] > command requires scopes: ["email","openid","https://www.googleapis.com/auth/cloudplatformprojects.readonly","https://www.googleapis.com/auth/firebase","https://www.googleapis.com/auth/cloud-platform"]
[debug] Failed to authenticate, have you run firebase login?
[warn] ⚠  emulators: You are not currently authenticated so some features may not work correctly. Please run firebase login to authenticate the CLI.
[debug] [2026-04-27T14:31:59.935Z] <<< [apiv2][status] GET https://firebase-public.firebaseio.com/cli.json 200
[debug] [2026-04-27T14:31:59.936Z] <<< [apiv2][body] GET https://firebase-public.firebaseio.com/cli.json {"cloudBuildErrorAfter":1594252800000,"cloudBuildWarnAfter":1590019200000,"defaultNode10After":1594252800000,"minVersion":"3.0.5","node8DeploysDisabledAfter":1613390400000,"node8RuntimeDisabledAfter":1615809600000,"node8WarnAfter":1600128000000}
[debug] [2026-04-27T14:32:01.482Z] openjdk version "21.0.10" 2026-01-20
OpenJDK Runtime Environment (build 21.0.10+7-Ubuntu-124.04)
OpenJDK 64-Bit Server VM (build 21.0.10+7-Ubuntu-124.04, mixed mode, sharing)

[debug] [2026-04-27T14:32:01.508Z] Parsed Java major version: 21
[info] i  emulators: Starting emulators: auth, firestore {"metadata":{"emulator":{"name":"hub"},"message":"Starting emulators: auth, firestore"}}
[debug] [2026-04-27T14:32:01.519Z] [logging] Logging Emulator only supports listening on one address (127.0.0.1). Not listening on ::1
[debug] [2026-04-27T14:32:01.519Z] [auth] Authentication Emulator only supports listening on one address (127.0.0.1). Not listening on ::1
[debug] [2026-04-27T14:32:01.519Z] [firestore] Firestore Emulator only supports listening on one address (127.0.0.1). Not listening on ::1
[debug] [2026-04-27T14:32:01.519Z] [firestore.websocket] websocket server for firestore only supports listening on one address (127.0.0.1). Not listening on ::1
[debug] [2026-04-27T14:32:01.520Z] assigned listening specs for emulators {"user":{"hub":[{"address":"127.0.0.1","family":"IPv4","port":4400},{"address":"::1","family":"IPv6","port":4400}],"ui":[{"address":"127.0.0.1","family":"IPv4","port":4000},{"address":"::1","family":"IPv6","port":4000}],"logging":[{"address":"127.0.0.1","family":"IPv4","port":4500}],"auth":[{"address":"127.0.0.1","family":"IPv4","port":9099}],"firestore":[{"address":"127.0.0.1","family":"IPv4","port":8080}],"firestore.websocket":[{"address":"127.0.0.1","family":"IPv4","port":9150}]},"metadata":{"message":"assigned listening specs for emulators"}}
[debug] [2026-04-27T14:32:01.526Z] Write emulator hub locator at /tmp/hub-praxihub-app.json
[info] i  firestore: downloading cloud-firestore-emulator-v1.20.4.jar... {"metadata":{"emulator":{"name":"firestore"},"message":"downloading cloud-firestore-emulator-v1.20.4.jar..."}}
[debug] [2026-04-27T14:32:01.539Z] >>> [apiv2][query] GET https://storage.googleapis.com/firebase-preview-drop/emulator/cloud-firestore-emulator-v1.20.4.jar
[debug] [2026-04-27T14:32:01.604Z] <<< [apiv2][status] GET https://storage.googleapis.com/firebase-preview-drop/emulator/cloud-firestore-emulator-v1.20.4.jar 200
[debug] [2026-04-27T14:32:01.604Z] <<< [apiv2][body] GET https://storage.googleapis.com/firebase-preview-drop/emulator/cloud-firestore-emulator-v1.20.4.jar [stream]
[debug] [2026-04-27T14:32:06.089Z] Ignoring unsupported arg: auto_download {"metadata":{"emulator":{"name":"firestore"},"message":"Ignoring unsupported arg: auto_download"}}
[debug] [2026-04-27T14:32:06.090Z] Ignoring unsupported arg: single_project_mode_error {"metadata":{"emulator":{"name":"firestore"},"message":"Ignoring unsupported arg: single_project_mode_error"}}
[debug] [2026-04-27T14:32:06.090Z] Starting Firestore Emulator with command {"binary":"java","args":["-Dgoogle.cloud_firestore.debug_log_level=FINE","-Duser.language=en","-jar","/home/jules/.cache/firebase/emulators/cloud-firestore-emulator-v1.20.4.jar","--host","127.0.0.1","--port",8080,"--websocket_port",9150,"--database-edition","standard","--project_id","praxihub-app","--rules","/app/firestore.rules","--single_project_mode",true],"optionalArgs":["port","webchannel_port","host","rules","websocket_port","database-edition","functions_emulator","seed_from_export","project_id","single_project_mode"],"joinArgs":false,"shell":false,"port":8080} {"metadata":{"emulator":{"name":"firestore"},"message":"Starting Firestore Emulator with command {\"binary\":\"java\",\"args\":[\"-Dgoogle.cloud_firestore.debug_log_level=FINE\",\"-Duser.language=en\",\"-jar\",\"/home/jules/.cache/firebase/emulators/cloud-firestore-emulator-v1.20.4.jar\",\"--host\",\"127.0.0.1\",\"--port\",8080,\"--websocket_port\",9150,\"--database-edition\",\"standard\",\"--project_id\",\"praxihub-app\",\"--rules\",\"/app/firestore.rules\",\"--single_project_mode\",true],\"optionalArgs\":[\"port\",\"webchannel_port\",\"host\",\"rules\",\"websocket_port\",\"database-edition\",\"functions_emulator\",\"seed_from_export\",\"project_id\",\"single_project_mode\"],\"joinArgs\":false,\"shell\":false,\"port\":8080}"}}
[info] i  firestore: Firestore Emulator logging to firestore-debug.log {"metadata":{"emulator":{"name":"firestore"},"message":"Firestore Emulator logging to firestore-debug.log"}}
[debug] [2026-04-27T14:32:09.118Z] Apr 27, 2026 2:32:09 PM com.google.cloud.datastore.emulator.firestore.websocket.WebSocketServer start
INFO: Started WebSocket server on ws://127.0.0.1:9150
 {"metadata":{"emulator":{"name":"firestore"},"message":"Apr 27, 2026 2:32:09 PM com.google.cloud.datastore.emulator.firestore.websocket.WebSocketServer start\nINFO: Started WebSocket server on ws://127.0.0.1:9150\n"}}
[debug] [2026-04-27T14:32:09.155Z]
API endpoint: http://127.0.0.1:8080
Database Edition:  {"metadata":{"emulator":{"name":"firestore"},"message":"\nAPI endpoint: http://127.0.0.1:8080\nDatabase Edition: "}}
[debug] [2026-04-27T14:32:09.155Z] STANDARD
Database Mode: CLOUD_FIRESTORE

If you are using a library that supports the FIRESTORE_EMULATOR_HOST environment variable, run:

   export FIRESTORE_EMULATOR_HOST=127.0.0.1:8080

If you are running a Firestore in Datastore Mode project, run:

   export DATASTORE_EMULATOR_HOST=127.0.0.1:8080

Note: Support for Datastore Mode is in preview. If you encounter any bugs please file at https://github.com/firebase/firebase-tools/issues.
Dev App Server is now running.

 {"metadata":{"emulator":{"name":"firestore"},"message":"STANDARD\nDatabase Mode: CLOUD_FIRESTORE\n\nIf you are using a library that supports the FIRESTORE_EMULATOR_HOST environment variable, run:\n\n   export FIRESTORE_EMULATOR_HOST=127.0.0.1:8080\n\nIf you are running a Firestore in Datastore Mode project, run:\n\n   export DATASTORE_EMULATOR_HOST=127.0.0.1:8080\n\nNote: Support for Datastore Mode is in preview. If you encounter any bugs please file at https://github.com/firebase/firebase-tools/issues.\nDev App Server is now running.\n\n"}}
[info] ✔  firestore: Firestore Emulator was started in standard edition. {"metadata":{"emulator":{"name":"firestore"},"message":"Firestore Emulator was started in standard edition."}}
[info] ✔  firestore: Firestore Emulator UI websocket is running on 9150. {"metadata":{"emulator":{"name":"firestore"},"message":"Firestore Emulator UI websocket is running on 9150."}}
[info] i  ui: downloading ui-v1.15.0.zip... {"metadata":{"emulator":{"name":"ui"},"message":"downloading ui-v1.15.0.zip..."}}
[debug] [2026-04-27T14:32:20.813Z] >>> [apiv2][query] GET https://storage.googleapis.com/firebase-preview-drop/emulator/ui-v1.15.0.zip
[debug] [2026-04-27T14:32:20.878Z] <<< [apiv2][status] GET https://storage.googleapis.com/firebase-preview-drop/emulator/ui-v1.15.0.zip 200
[debug] [2026-04-27T14:32:20.878Z] <<< [apiv2][body] GET https://storage.googleapis.com/firebase-preview-drop/emulator/ui-v1.15.0.zip [stream]
[debug] [2026-04-27T14:32:21.027Z] Data is 3538469
[debug] [2026-04-27T14:32:21.028Z] [unzip] Entry: client/ (compressed_size=0 bytes, uncompressed_size=0 bytes)
[debug] [2026-04-27T14:32:21.028Z] [unzip] Processing entry: client/
[debug] [2026-04-27T14:32:21.028Z] [unzip] mkdir: /home/jules/.cache/firebase/emulators/ui-v1.15.0/client/
[debug] [2026-04-27T14:32:21.030Z] [unzip] Entry: client/favicon-16x16.png (compressed_size=293 bytes, uncompressed_size=293 bytes)
[debug] [2026-04-27T14:32:21.030Z] [unzip] Processing entry: client/favicon-16x16.png
[debug] [2026-04-27T14:32:21.030Z] [unzip] else mkdir: /home/jules/.cache/firebase/emulators/ui-v1.15.0/client
[debug] [2026-04-27T14:32:21.031Z] [unzip] Writing file: /home/jules/.cache/firebase/emulators/ui-v1.15.0/client/favicon-16x16.png
[debug] [2026-04-27T14:32:21.032Z] [unzip] Entry: client/safari-pinned-tab.svg (compressed_size=1433 bytes, uncompressed_size=2611 bytes)
[debug] [2026-04-27T14:32:21.032Z] [unzip] Processing entry: client/safari-pinned-tab.svg
[debug] [2026-04-27T14:32:21.032Z] [unzip] else mkdir: /home/jules/.cache/firebase/emulators/ui-v1.15.0/client
[debug] [2026-04-27T14:32:21.032Z] [unzip] deflating: /home/jules/.cache/firebase/emulators/ui-v1.15.0/client/safari-pinned-tab.svg
[debug] [2026-04-27T14:32:21.038Z] [unzip] Entry: client/favicon.ico (compressed_size=2933 bytes, uncompressed_size=13294 bytes)
[debug] [2026-04-27T14:32:21.038Z] [unzip] Processing entry: client/favicon.ico
[debug] [2026-04-27T14:32:21.038Z] [unzip] else mkdir: /home/jules/.cache/firebase/emulators/ui-v1.15.0/client
[debug] [2026-04-27T14:32:21.038Z] [unzip] deflating: /home/jules/.cache/firebase/emulators/ui-v1.15.0/client/favicon.ico
[debug] [2026-04-27T14:32:21.041Z] [unzip] Entry: client/index.html (compressed_size=1364 bytes, uncompressed_size=3071 bytes)
[debug] [2026-04-27T14:32:21.041Z] [unzip] Processing entry: client/index.html
[debug] [2026-04-27T14:32:21.042Z] [unzip] else mkdir: /home/jules/.cache/firebase/emulators/ui-v1.15.0/client
[debug] [2026-04-27T14:32:21.042Z] [unzip] deflating: /home/jules/.cache/firebase/emulators/ui-v1.15.0/client/index.html
[debug] [2026-04-27T14:32:21.044Z] [unzip] Entry: client/android-chrome-192x192.png (compressed_size=2684 bytes, uncompressed_size=2684 bytes)
[debug] [2026-04-27T14:32:21.044Z] [unzip] Processing entry: client/android-chrome-192x192.png
[debug] [2026-04-27T14:32:21.044Z] [unzip] else mkdir: /home/jules/.cache/firebase/emulators/ui-v1.15.0/client
[debug] [2026-04-27T14:32:21.045Z] [unzip] Writing file: /home/jules/.cache/firebase/emulators/ui-v1.15.0/client/android-chrome-192x192.png
[debug] [2026-04-27T14:32:21.045Z] [unzip] Entry: client/apple-touch-icon.png (compressed_size=2123 bytes, uncompressed_size=2152 bytes)
[debug] [2026-04-27T14:32:21.045Z] [unzip] Processing entry: client/apple-touch-icon.png
[debug] [2026-04-27T14:32:21.045Z] [unzip] else mkdir: /home/jules/.cache/firebase/emulators/ui-v1.15.0/client
[debug] [2026-04-27T14:32:21.046Z] [unzip] deflating: /home/jules/.cache/firebase/emulators/ui-v1.15.0/client/apple-touch-icon.png
[debug] [2026-04-27T14:32:21.047Z] [unzip] Entry: client/android-chrome-512x512.png (compressed_size=5369 bytes, uncompressed_size=5411 bytes)
[debug] [2026-04-27T14:32:21.047Z] [unzip] Processing entry: client/android-chrome-512x512.png
[debug] [2026-04-27T14:32:21.047Z] [unzip] else mkdir: /home/jules/.cache/firebase/emulators/ui-v1.15.0/client
[debug] [2026-04-27T14:32:21.048Z] [unzip] deflating: /home/jules/.cache/firebase/emulators/ui-v1.15.0/client/android-chrome-512x512.png
[debug] [2026-04-27T14:32:21.049Z] [unzip] Entry: client/manifest.json (compressed_size=245 bytes, uncompressed_size=551 bytes)
[debug] [2026-04-27T14:32:21.049Z] [unzip] Processing entry: client/manifest.json
[debug] [2026-04-27T14:32:21.049Z] [unzip] else mkdir: /home/jules/.cache/firebase/emulators/ui-v1.15.0/client
[debug] [2026-04-27T14:32:21.050Z] [unzip] deflating: /home/jules/.cache/firebase/emulators/ui-v1.15.0/client/manifest.json
[debug] [2026-04-27T14:32:21.051Z] [unzip] Entry: client/robots.txt (compressed_size=26 bytes, uncompressed_size=26 bytes)
[debug] [2026-04-27T14:32:21.051Z] [unzip] Processing entry: client/robots.txt
[debug] [2026-04-27T14:32:21.052Z] [unzip] else mkdir: /home/jules/.cache/firebase/emulators/ui-v1.15.0/client
[debug] [2026-04-27T14:32:21.052Z] [unzip] Writing file: /home/jules/.cache/firebase/emulators/ui-v1.15.0/client/robots.txt
[debug] [2026-04-27T14:32:21.053Z] [unzip] Entry: client/mstile-150x150.png (compressed_size=2034 bytes, uncompressed_size=2034 bytes)
[debug] [2026-04-27T14:32:21.053Z] [unzip] Processing entry: client/mstile-150x150.png
[debug] [2026-04-27T14:32:21.053Z] [unzip] else mkdir: /home/jules/.cache/firebase/emulators/ui-v1.15.0/client
[debug] [2026-04-27T14:32:21.053Z] [unzip] Writing file: /home/jules/.cache/firebase/emulators/ui-v1.15.0/client/mstile-150x150.png
[debug] [2026-04-27T14:32:21.054Z] [unzip] Entry: client/assets/ (compressed_size=0 bytes, uncompressed_size=0 bytes)
[debug] [2026-04-27T14:32:21.054Z] [unzip] Processing entry: client/assets/
[debug] [2026-04-27T14:32:21.054Z] [unzip] mkdir: /home/jules/.cache/firebase/emulators/ui-v1.15.0/client/assets/
[debug] [2026-04-27T14:32:21.054Z] [unzip] Entry: client/assets/index-BX-A56oj.js (compressed_size=582089 bytes, uncompressed_size=2092775 bytes)
[debug] [2026-04-27T14:32:21.055Z] [unzip] Processing entry: client/assets/index-BX-A56oj.js
[debug] [2026-04-27T14:32:21.055Z] [unzip] else mkdir: /home/jules/.cache/firebase/emulators/ui-v1.15.0/client/assets
[debug] [2026-04-27T14:32:21.055Z] [unzip] deflating: /home/jules/.cache/firebase/emulators/ui-v1.15.0/client/assets/index-BX-A56oj.js
[debug] [2026-04-27T14:32:21.090Z] [unzip] Entry: client/assets/index-CjB9C900.css (compressed_size=35979 bytes, uncompressed_size=298654 bytes)
[debug] [2026-04-27T14:32:21.090Z] [unzip] Processing entry: client/assets/index-CjB9C900.css
[debug] [2026-04-27T14:32:21.090Z] [unzip] else mkdir: /home/jules/.cache/firebase/emulators/ui-v1.15.0/client/assets
[debug] [2026-04-27T14:32:21.090Z] [unzip] deflating: /home/jules/.cache/firebase/emulators/ui-v1.15.0/client/assets/index-CjB9C900.css
[debug] [2026-04-27T14:32:21.096Z] [unzip] Entry: client/assets/index-BX-A56oj.js.map (compressed_size=2362482 bytes, uncompressed_size=10036679 bytes)
[debug] [2026-04-27T14:32:21.097Z] [unzip] Processing entry: client/assets/index-BX-A56oj.js.map
[debug] [2026-04-27T14:32:21.097Z] [unzip] else mkdir: /home/jules/.cache/firebase/emulators/ui-v1.15.0/client/assets
[debug] [2026-04-27T14:32:21.097Z] [unzip] deflating: /home/jules/.cache/firebase/emulators/ui-v1.15.0/client/assets/index-BX-A56oj.js.map
[debug] [2026-04-27T14:32:21.266Z] [unzip] Entry: client/assets/extensions/ (compressed_size=0 bytes, uncompressed_size=0 bytes)
[debug] [2026-04-27T14:32:21.266Z] [unzip] Processing entry: client/assets/extensions/
[debug] [2026-04-27T14:32:21.266Z] [unzip] mkdir: /home/jules/.cache/firebase/emulators/ui-v1.15.0/client/assets/extensions/
[debug] [2026-04-27T14:32:21.267Z] [unzip] Entry: client/assets/extensions/default-extension.png (compressed_size=1646 bytes, uncompressed_size=1657 bytes)
[debug] [2026-04-27T14:32:21.267Z] [unzip] Processing entry: client/assets/extensions/default-extension.png
[debug] [2026-04-27T14:32:21.267Z] [unzip] else mkdir: /home/jules/.cache/firebase/emulators/ui-v1.15.0/client/assets/extensions
[debug] [2026-04-27T14:32:21.267Z] [unzip] deflating: /home/jules/.cache/firebase/emulators/ui-v1.15.0/client/assets/extensions/default-extension.png
[debug] [2026-04-27T14:32:21.269Z] [unzip] Entry: client/assets/img/ (compressed_size=0 bytes, uncompressed_size=0 bytes)
[debug] [2026-04-27T14:32:21.269Z] [unzip] Processing entry: client/assets/img/
[debug] [2026-04-27T14:32:21.269Z] [unzip] mkdir: /home/jules/.cache/firebase/emulators/ui-v1.15.0/client/assets/img/
[debug] [2026-04-27T14:32:21.269Z] [unzip] Entry: client/assets/img/database.png (compressed_size=29449 bytes, uncompressed_size=29988 bytes)
[debug] [2026-04-27T14:32:21.269Z] [unzip] Processing entry: client/assets/img/database.png
[debug] [2026-04-27T14:32:21.270Z] [unzip] else mkdir: /home/jules/.cache/firebase/emulators/ui-v1.15.0/client/assets/img
[debug] [2026-04-27T14:32:21.270Z] [unzip] deflating: /home/jules/.cache/firebase/emulators/ui-v1.15.0/client/assets/img/database.png
[debug] [2026-04-27T14:32:21.271Z] [unzip] Entry: client/assets/provider-icons/ (compressed_size=0 bytes, uncompressed_size=0 bytes)
[debug] [2026-04-27T14:32:21.272Z] [unzip] Processing entry: client/assets/provider-icons/
[debug] [2026-04-27T14:32:21.272Z] [unzip] mkdir: /home/jules/.cache/firebase/emulators/ui-v1.15.0/client/assets/provider-icons/
[debug] [2026-04-27T14:32:21.273Z] [unzip] Entry: client/assets/provider-icons/auth_service_saml.svg (compressed_size=575 bytes, uncompressed_size=1226 bytes)
[debug] [2026-04-27T14:32:21.273Z] [unzip] Processing entry: client/assets/provider-icons/auth_service_saml.svg
[debug] [2026-04-27T14:32:21.273Z] [unzip] else mkdir: /home/jules/.cache/firebase/emulators/ui-v1.15.0/client/assets/provider-icons
[debug] [2026-04-27T14:32:21.273Z] [unzip] deflating: /home/jules/.cache/firebase/emulators/ui-v1.15.0/client/assets/provider-icons/auth_service_saml.svg
[debug] [2026-04-27T14:32:21.274Z] [unzip] Entry: client/assets/provider-icons/auth_service_phone.svg (compressed_size=261 bytes, uncompressed_size=414 bytes)
[debug] [2026-04-27T14:32:21.274Z] [unzip] Processing entry: client/assets/provider-icons/auth_service_phone.svg
[debug] [2026-04-27T14:32:21.274Z] [unzip] else mkdir: /home/jules/.cache/firebase/emulators/ui-v1.15.0/client/assets/provider-icons
[debug] [2026-04-27T14:32:21.275Z] [unzip] deflating: /home/jules/.cache/firebase/emulators/ui-v1.15.0/client/assets/provider-icons/auth_service_phone.svg
[debug] [2026-04-27T14:32:21.276Z] [unzip] Entry: client/assets/provider-icons/auth_service_facebook.svg (compressed_size=289 bytes, uncompressed_size=457 bytes)
[debug] [2026-04-27T14:32:21.276Z] [unzip] Processing entry: client/assets/provider-icons/auth_service_facebook.svg
[debug] [2026-04-27T14:32:21.276Z] [unzip] else mkdir: /home/jules/.cache/firebase/emulators/ui-v1.15.0/client/assets/provider-icons
[debug] [2026-04-27T14:32:21.276Z] [unzip] deflating: /home/jules/.cache/firebase/emulators/ui-v1.15.0/client/assets/provider-icons/auth_service_facebook.svg
[debug] [2026-04-27T14:32:21.277Z] [unzip] Entry: client/assets/provider-icons/auth_service_game_center.svg (compressed_size=991 bytes, uncompressed_size=3921 bytes)
[debug] [2026-04-27T14:32:21.278Z] [unzip] Processing entry: client/assets/provider-icons/auth_service_game_center.svg
[debug] [2026-04-27T14:32:21.278Z] [unzip] else mkdir: /home/jules/.cache/firebase/emulators/ui-v1.15.0/client/assets/provider-icons
[debug] [2026-04-27T14:32:21.278Z] [unzip] deflating: /home/jules/.cache/firebase/emulators/ui-v1.15.0/client/assets/provider-icons/auth_service_game_center.svg
[debug] [2026-04-27T14:32:21.279Z] [unzip] Entry: client/assets/provider-icons/auth_service_apple.svg (compressed_size=230 bytes, uncompressed_size=334 bytes)
[debug] [2026-04-27T14:32:21.279Z] [unzip] Processing entry: client/assets/provider-icons/auth_service_apple.svg
[debug] [2026-04-27T14:32:21.279Z] [unzip] else mkdir: /home/jules/.cache/firebase/emulators/ui-v1.15.0/client/assets/provider-icons
[debug] [2026-04-27T14:32:21.279Z] [unzip] deflating: /home/jules/.cache/firebase/emulators/ui-v1.15.0/client/assets/provider-icons/auth_service_apple.svg
[debug] [2026-04-27T14:32:21.280Z] [unzip] Entry: client/assets/provider-icons/auth_service_github.svg (compressed_size=466 bytes, uncompressed_size=838 bytes)
[debug] [2026-04-27T14:32:21.280Z] [unzip] Processing entry: client/assets/provider-icons/auth_service_github.svg
[debug] [2026-04-27T14:32:21.280Z] [unzip] else mkdir: /home/jules/.cache/firebase/emulators/ui-v1.15.0/client/assets/provider-icons
[debug] [2026-04-27T14:32:21.280Z] [unzip] deflating: /home/jules/.cache/firebase/emulators/ui-v1.15.0/client/assets/provider-icons/auth_service_github.svg
[debug] [2026-04-27T14:32:21.281Z] [unzip] Entry: client/assets/provider-icons/auth_service_mslive.svg (compressed_size=203 bytes, uncompressed_size=378 bytes)
[debug] [2026-04-27T14:32:21.281Z] [unzip] Processing entry: client/assets/provider-icons/auth_service_mslive.svg
[debug] [2026-04-27T14:32:21.281Z] [unzip] else mkdir: /home/jules/.cache/firebase/emulators/ui-v1.15.0/client/assets/provider-icons
[debug] [2026-04-27T14:32:21.282Z] [unzip] deflating: /home/jules/.cache/firebase/emulators/ui-v1.15.0/client/assets/provider-icons/auth_service_mslive.svg
[debug] [2026-04-27T14:32:21.283Z] [unzip] Entry: client/assets/provider-icons/auth_service_yahoo.svg (compressed_size=577 bytes, uncompressed_size=1182 bytes)
[debug] [2026-04-27T14:32:21.283Z] [unzip] Processing entry: client/assets/provider-icons/auth_service_yahoo.svg
[debug] [2026-04-27T14:32:21.283Z] [unzip] else mkdir: /home/jules/.cache/firebase/emulators/ui-v1.15.0/client/assets/provider-icons
[debug] [2026-04-27T14:32:21.283Z] [unzip] deflating: /home/jules/.cache/firebase/emulators/ui-v1.15.0/client/assets/provider-icons/auth_service_yahoo.svg
[debug] [2026-04-27T14:32:21.284Z] [unzip] Entry: client/assets/provider-icons/auth_service_twitter.svg (compressed_size=444 bytes, uncompressed_size=751 bytes)
[debug] [2026-04-27T14:32:21.284Z] [unzip] Processing entry: client/assets/provider-icons/auth_service_twitter.svg
[debug] [2026-04-27T14:32:21.284Z] [unzip] else mkdir: /home/jules/.cache/firebase/emulators/ui-v1.15.0/client/assets/provider-icons
[debug] [2026-04-27T14:32:21.284Z] [unzip] deflating: /home/jules/.cache/firebase/emulators/ui-v1.15.0/client/assets/provider-icons/auth_service_twitter.svg
[debug] [2026-04-27T14:32:21.285Z] [unzip] Entry: client/assets/provider-icons/auth_service_play_games.svg (compressed_size=565 bytes, uncompressed_size=1173 bytes)
[debug] [2026-04-27T14:32:21.285Z] [unzip] Processing entry: client/assets/provider-icons/auth_service_play_games.svg
[debug] [2026-04-27T14:32:21.285Z] [unzip] else mkdir: /home/jules/.cache/firebase/emulators/ui-v1.15.0/client/assets/provider-icons
[debug] [2026-04-27T14:32:21.286Z] [unzip] deflating: /home/jules/.cache/firebase/emulators/ui-v1.15.0/client/assets/provider-icons/auth_service_play_games.svg
[debug] [2026-04-27T14:32:21.287Z] [unzip] Entry: client/assets/provider-icons/auth_service_email.svg (compressed_size=228 bytes, uncompressed_size=326 bytes)
[debug] [2026-04-27T14:32:21.287Z] [unzip] Processing entry: client/assets/provider-icons/auth_service_email.svg
[debug] [2026-04-27T14:32:21.287Z] [unzip] else mkdir: /home/jules/.cache/firebase/emulators/ui-v1.15.0/client/assets/provider-icons
[debug] [2026-04-27T14:32:21.287Z] [unzip] deflating: /home/jules/.cache/firebase/emulators/ui-v1.15.0/client/assets/provider-icons/auth_service_email.svg
[debug] [2026-04-27T14:32:21.288Z] [unzip] Entry: client/assets/provider-icons/auth_service_google.svg (compressed_size=409 bytes, uncompressed_size=720 bytes)
[debug] [2026-04-27T14:32:21.288Z] [unzip] Processing entry: client/assets/provider-icons/auth_service_google.svg
[debug] [2026-04-27T14:32:21.288Z] [unzip] else mkdir: /home/jules/.cache/firebase/emulators/ui-v1.15.0/client/assets/provider-icons
[debug] [2026-04-27T14:32:21.289Z] [unzip] deflating: /home/jules/.cache/firebase/emulators/ui-v1.15.0/client/assets/provider-icons/auth_service_google.svg
[debug] [2026-04-27T14:32:21.289Z] [unzip] Entry: client/assets/provider-icons/auth_service_oidc.svg (compressed_size=414 bytes, uncompressed_size=858 bytes)
[debug] [2026-04-27T14:32:21.290Z] [unzip] Processing entry: client/assets/provider-icons/auth_service_oidc.svg
[debug] [2026-04-27T14:32:21.290Z] [unzip] else mkdir: /home/jules/.cache/firebase/emulators/ui-v1.15.0/client/assets/provider-icons
[debug] [2026-04-27T14:32:21.290Z] [unzip] deflating: /home/jules/.cache/firebase/emulators/ui-v1.15.0/client/assets/provider-icons/auth_service_oidc.svg
[debug] [2026-04-27T14:32:21.291Z] [unzip] Entry: client/browserconfig.xml (compressed_size=491 bytes, uncompressed_size=822 bytes)
[debug] [2026-04-27T14:32:21.291Z] [unzip] Processing entry: client/browserconfig.xml
[debug] [2026-04-27T14:32:21.291Z] [unzip] else mkdir: /home/jules/.cache/firebase/emulators/ui-v1.15.0/client
[debug] [2026-04-27T14:32:21.292Z] [unzip] deflating: /home/jules/.cache/firebase/emulators/ui-v1.15.0/client/browserconfig.xml
[debug] [2026-04-27T14:32:21.293Z] [unzip] Entry: client/favicon-32x32.png (compressed_size=475 bytes, uncompressed_size=475 bytes)
[debug] [2026-04-27T14:32:21.293Z] [unzip] Processing entry: client/favicon-32x32.png
[debug] [2026-04-27T14:32:21.293Z] [unzip] else mkdir: /home/jules/.cache/firebase/emulators/ui-v1.15.0/client
[debug] [2026-04-27T14:32:21.293Z] [unzip] Writing file: /home/jules/.cache/firebase/emulators/ui-v1.15.0/client/favicon-32x32.png
[debug] [2026-04-27T14:32:21.294Z] [unzip] Entry: server/ (compressed_size=0 bytes, uncompressed_size=0 bytes)
[debug] [2026-04-27T14:32:21.294Z] [unzip] Processing entry: server/
[debug] [2026-04-27T14:32:21.294Z] [unzip] mkdir: /home/jules/.cache/firebase/emulators/ui-v1.15.0/server/
[debug] [2026-04-27T14:32:21.294Z] [unzip] Entry: server/server.mjs.map (compressed_size=217845 bytes, uncompressed_size=944978 bytes)
[debug] [2026-04-27T14:32:21.294Z] [unzip] Processing entry: server/server.mjs.map
[debug] [2026-04-27T14:32:21.294Z] [unzip] else mkdir: /home/jules/.cache/firebase/emulators/ui-v1.15.0/server
[debug] [2026-04-27T14:32:21.295Z] [unzip] deflating: /home/jules/.cache/firebase/emulators/ui-v1.15.0/server/server.mjs.map
[debug] [2026-04-27T14:32:21.309Z] [unzip] Entry: server/server.mjs (compressed_size=276407 bytes, uncompressed_size=933701 bytes)
[debug] [2026-04-27T14:32:21.309Z] [unzip] Processing entry: server/server.mjs
[debug] [2026-04-27T14:32:21.309Z] [unzip] else mkdir: /home/jules/.cache/firebase/emulators/ui-v1.15.0/server
[debug] [2026-04-27T14:32:21.309Z] [unzip] deflating: /home/jules/.cache/firebase/emulators/ui-v1.15.0/server/server.mjs
[debug] [2026-04-27T14:32:21.336Z] Could not find VSCode notification endpoint: FetchError: request to http://localhost:40001/vscode/notify failed, reason: . If you are not running the Firebase SQL Connect VSCode extension, this is expected and not an issue.
[info]
┌─────────────────────────────────────────────────────────────┐
│ ✔  All emulators ready! It is now safe to connect your app. │
│ i  View Emulator UI at http://127.0.0.1:4000/               │
└─────────────────────────────────────────────────────────────┘

┌────────────────┬────────────────┬─────────────────────────────────┐
│ Emulator       │ Host:Port      │ View in Emulator UI             │
├────────────────┼────────────────┼─────────────────────────────────┤
│ Authentication │ 127.0.0.1:9099 │ http://127.0.0.1:4000/auth      │
├────────────────┼────────────────┼─────────────────────────────────┤
│ Firestore      │ 127.0.0.1:8080 │ http://127.0.0.1:4000/firestore │
└────────────────┴────────────────┴─────────────────────────────────┘
  Emulator Hub host: 127.0.0.1 port: 4400
  Other reserved ports: 4500, 9150

Issues? Report them at https://github.com/firebase/firebase-tools/issues and attach the *-debug.log files.

[debug] [2026-04-27T14:52:44.513Z] Apr 27, 2026 2:52:44 PM io.gapi.emulators.netty.HttpVersionRoutingHandler channelRead
INFO: Detected HTTP/2 connection.
 {"metadata":{"emulator":{"name":"firestore"},"message":"Apr 27, 2026 2:52:44 PM io.gapi.emulators.netty.HttpVersionRoutingHandler channelRead\nINFO: Detected HTTP/2 connection.\n"}}
