
> web@0.1.0 dev
> next dev

  ▲ Next.js 14.2.3
  - Local:        http://localhost:3000

 ✓ Starting...
Attention: Next.js now collects completely anonymous telemetry regarding usage.
This information is used to shape Next.js' roadmap and prioritize features.
You can learn more, including how to opt-out if you'd not like to participate in this anonymous program, by visiting the following URL:
https://nextjs.org/telemetry

 ✓ Ready in 4.4s
 ○ Compiling /company/dashboard/mock-preview ...
 ✓ Compiled /company/dashboard/mock-preview in 11.1s (722 modules)
 ⨯ FirebaseError: Firebase: Error (auth/invalid-api-key).
    at eval (./lib/firebase.ts:29:68)
    at (ssr)/./lib/firebase.ts (/app/apps/web/.next/server/app/company/dashboard/mock-preview/page.js:338:1)
    at __webpack_require__ (/app/apps/web/.next/server/webpack-runtime.js:33:43)
    at eval (./components/Chatbot.tsx:10:71)
    at (ssr)/./components/Chatbot.tsx (/app/apps/web/.next/server/app/company/dashboard/mock-preview/page.js:316:1)
    at __webpack_require__ (/app/apps/web/.next/server/webpack-runtime.js:33:43)
    at eval (./app/company/dashboard/mock-preview/page.tsx:10:77)
    at (ssr)/./app/company/dashboard/mock-preview/page.tsx (/app/apps/web/.next/server/app/company/dashboard/mock-preview/page.js:305:1)
    at Object.__webpack_require__ [as require] (/app/apps/web/.next/server/webpack-runtime.js:33:43)
    at JSON.parse (<anonymous>)
digest: "3043896471"
 GET /company/dashboard/mock-preview 500 in 12996ms
 ✓ Compiled in 1905ms (267 modules)
 ✓ Compiled in 600ms (266 modules)
 ✓ Compiled /company/dashboard/mock-preview in 390ms (445 modules)
 ⨯ FirebaseError: Firebase: Error (auth/invalid-api-key).
    at eval (./lib/firebase.ts:29:68)
    at (ssr)/./lib/firebase.ts (/app/apps/web/.next/server/app/company/dashboard/mock-preview/page.js:327:1)
    at __webpack_require__ (/app/apps/web/.next/server/webpack-runtime.js:33:43)
    at eval (./components/Chatbot.tsx:10:71)
    at (ssr)/./components/Chatbot.tsx (/app/apps/web/.next/server/app/company/dashboard/mock-preview/page.js:316:1)
    at Object.__webpack_require__ [as require] (/app/apps/web/.next/server/webpack-runtime.js:33:43)
digest: "217981057"
 GET /company/dashboard/mock-preview 500 in 810ms
 ✓ Compiled in 382ms (250 modules)
 ✓ Compiled in 993ms (264 modules)
 ○ Compiling /company/dashboard/mock-preview ...
 ✓ Compiled /company/dashboard/mock-preview in 1432ms (697 modules)
 ⨯ FirebaseError: Firebase: Error (auth/invalid-api-key).
    at eval (./lib/firebase.ts:29:68)
    at (ssr)/./lib/firebase.ts (/app/apps/web/.next/server/app/company/dashboard/mock-preview/page.js:327:1)
    at __webpack_require__ (/app/apps/web/.next/server/webpack-runtime.js:33:43)
    at eval (./components/Chatbot.tsx:10:71)
    at (ssr)/./components/Chatbot.tsx (/app/apps/web/.next/server/app/company/dashboard/mock-preview/page.js:316:1)
    at Object.__webpack_require__ [as require] (/app/apps/web/.next/server/webpack-runtime.js:33:43)
digest: "217981057"
 GET /company/dashboard/mock-preview 500 in 2082ms
 ✓ Compiled in 431ms (250 modules)
 ✓ Compiled in 452ms (250 modules)
 ○ Compiling /company/dashboard/mock-preview ...
 ✓ Compiled /company/dashboard/mock-preview in 853ms (697 modules)
 ⨯ FirebaseError: Firebase: Error (auth/invalid-api-key).
    at eval (./lib/firebase.ts:29:68)
    at (ssr)/./lib/firebase.ts (/app/apps/web/.next/server/app/company/dashboard/mock-preview/page.js:327:1)
    at __webpack_require__ (/app/apps/web/.next/server/webpack-runtime.js:33:43)
    at eval (./components/Chatbot.tsx:10:71)
    at (ssr)/./components/Chatbot.tsx (/app/apps/web/.next/server/app/company/dashboard/mock-preview/page.js:316:1)
    at Object.__webpack_require__ [as require] (/app/apps/web/.next/server/webpack-runtime.js:33:43)
digest: "217981057"
 GET /company/dashboard/mock-preview 500 in 1492ms
 ✓ Compiled in 870ms (538 modules)
 ✓ Compiled in 792ms (538 modules)
 GET /company/dashboard/mock-preview 200 in 365ms
 GET /company/dashboard/mock-preview 200 in 110ms
 GET /company/dashboard/mock-preview 200 in 44ms
 GET /company/dashboard/mock-preview 200 in 37ms
 GET /company/dashboard/mock-preview 200 in 39ms
 ✓ Compiled in 403ms (220 modules)
 ✓ Compiled in 212ms (234 modules)
